info: Jun-10-2025 11:35:24: 	Server started at 9889 ✅
info: Jun-10-2025 11:35:24: 	Connection Succeed 🙌
info: Jun-10-2025 11:36:18: 	Server started at 9889 ✅
info: Jun-10-2025 11:36:18: 	Connection Succeed 🙌
info: Jun-10-2025 11:36:37: 	Server started at 9889 ✅
info: Jun-10-2025 11:36:37: 	Connection Succeed 🙌
info: Jun-10-2025 11:36:47: 	Server started at 9889 ✅
info: Jun-10-2025 11:36:47: 	Connection Succeed 🙌
info: Jun-10-2025 11:38:30: 	Server started at 9889 ✅
info: Jun-10-2025 11:38:31: 	Connection Succeed 🙌
info: Jun-10-2025 11:38:54: 	Server started at 9889 ✅
info: Jun-10-2025 11:38:54: 	Connection Succeed 🙌
info: Jun-10-2025 11:38:59: 	Server started at 9889 ✅
info: Jun-10-2025 11:38:59: 	Connection Succeed 🙌
info: Jun-10-2025 11:39:05: 	Server started at 9889 ✅
info: Jun-10-2025 11:39:06: 	Connection Succeed 🙌
info: Jun-10-2025 11:39:27: 	Server started at 9889 ✅
info: Jun-10-2025 11:39:27: 	Connection Succeed 🙌
info: Jun-10-2025 11:39:33: 	Server started at 9889 ✅
info: Jun-10-2025 11:39:33: 	Connection Succeed 🙌
info: Jun-10-2025 11:40:35: 	Server started at 9889 ✅
info: Jun-10-2025 11:40:35: 	Connection Succeed 🙌
info: Jun-10-2025 11:40:48: 	Server started at 9889 ✅
info: Jun-10-2025 11:40:48: 	Connection Succeed 🙌
info: Jun-10-2025 11:42:57: 	Server started at 9889 ✅
info: Jun-10-2025 11:42:57: 	Connection Succeed 🙌
info: Jun-10-2025 11:43:29: 	Server started at 9889 ✅
info: Jun-10-2025 11:43:29: 	Connection Succeed 🙌
info: Jun-10-2025 11:43:45: 	Server started at 9889 ✅
info: Jun-10-2025 11:43:45: 	Connection Succeed 🙌
info: Jun-10-2025 11:44:52: 	Server started at 9889 ✅
info: Jun-10-2025 11:44:52: 	Connection Succeed 🙌
info: Jun-10-2025 11:45:21: 	Server started at 9889 ✅
info: Jun-10-2025 11:45:21: 	Connection Succeed 🙌
info: Jun-10-2025 11:45:38: 	Server started at 9889 ✅
info: Jun-10-2025 11:45:38: 	Connection Succeed 🙌
info: Jun-10-2025 11:45:49: 	Server started at 9889 ✅
info: Jun-10-2025 11:45:49: 	Connection Succeed 🙌
info: Jun-10-2025 11:45:56: 	Server started at 9889 ✅
info: Jun-10-2025 11:45:56: 	Connection Succeed 🙌
info: Jun-10-2025 11:46:06: 	Server started at 9889 ✅
info: Jun-10-2025 11:46:06: 	Connection Succeed 🙌
info: Jun-10-2025 11:46:14: 	Server started at 9889 ✅
info: Jun-10-2025 11:46:14: 	Connection Succeed 🙌
info: Jun-10-2025 11:46:29: 	Server started at 9889 ✅
info: Jun-10-2025 11:46:29: 	Connection Succeed 🙌
info: Jun-10-2025 11:46:53: 	Server started at 9889 ✅
info: Jun-10-2025 11:46:53: 	Connection Succeed 🙌
info: Jun-10-2025 11:47:52: 	Server started at 9889 ✅
info: Jun-10-2025 11:47:52: 	Connection Succeed 🙌
info: Jun-10-2025 11:48:20: 	Server started at 9889 ✅
info: Jun-10-2025 11:48:20: 	Connection Succeed 🙌
info: Jun-10-2025 11:56:25: 	Server started at 9889 ✅
info: Jun-10-2025 11:56:25: 	Connection Succeed 🙌
info: Jun-10-2025 11:56:38: 	Server started at 9889 ✅
info: Jun-10-2025 11:56:38: 	Connection Succeed 🙌
info: Jun-10-2025 11:56:46: 	Server started at 9889 ✅
info: Jun-10-2025 11:56:46: 	Connection Succeed 🙌
info: Jun-10-2025 11:57:45: 	Server started at 9889 ✅
info: Jun-10-2025 11:57:46: 	Connection Succeed 🙌
info: Jun-10-2025 11:57:53: 	Server started at 9889 ✅
info: Jun-10-2025 11:57:53: 	Connection Succeed 🙌
info: Jun-10-2025 12:00:10: 	Server started at 9889 ✅
info: Jun-10-2025 12:00:10: 	Connection Succeed 🙌
info: Jun-10-2025 12:00:27: 	Server started at 9889 ✅
info: Jun-10-2025 12:00:27: 	Connection Succeed 🙌
info: Jun-10-2025 12:01:06: 	Server started at 9889 ✅
info: Jun-10-2025 12:01:06: 	Connection Succeed 🙌
info: Jun-10-2025 12:01:11: 	Server started at 9889 ✅
info: Jun-10-2025 12:01:11: 	Connection Succeed 🙌
info: Jun-10-2025 12:01:39: 	Server started at 9889 ✅
info: Jun-10-2025 12:01:39: 	Connection Succeed 🙌
info: Jun-10-2025 12:02:36: 	Server started at 9889 ✅
info: Jun-10-2025 12:02:36: 	Connection Succeed 🙌
info: Jun-10-2025 12:03:05: 	Server started at 9889 ✅
info: Jun-10-2025 12:03:05: 	Connection Succeed 🙌
info: Jun-10-2025 12:03:25: 	Server started at 9889 ✅
info: Jun-10-2025 12:03:25: 	Connection Succeed 🙌
info: Jun-10-2025 12:03:32: 	Server started at 9889 ✅
info: Jun-10-2025 12:03:32: 	Connection Succeed 🙌
info: Jun-10-2025 12:03:38: 	Server started at 9889 ✅
info: Jun-10-2025 12:03:38: 	Connection Succeed 🙌
info: Jun-10-2025 12:06:46: 	Server started at 9889 ✅
info: Jun-10-2025 12:06:46: 	Connection Succeed 🙌
info: Jun-10-2025 12:06:59: 	Server started at 9889 ✅
info: Jun-10-2025 12:06:59: 	Connection Succeed 🙌
info: Jun-10-2025 12:07:05: 	Server started at 9889 ✅
info: Jun-10-2025 12:07:05: 	Connection Succeed 🙌
info: Jun-10-2025 12:07:31: 	Server started at 9889 ✅
info: Jun-10-2025 12:07:31: 	Connection Succeed 🙌
error: Jun-10-2025 12:09:33: 	Error - ValidationError "email" is required
info: Jun-10-2025 12:09:33: 	[0mPOST /client/api/v1/auth/register [33m422[0m 16.904 ms - 56[0m

error: Jun-10-2025 12:10:13: 	Error - register Service User validation failed: password: Password is required
error: Jun-10-2025 12:10:13: 	ValidationError: password: Password is required
info: Jun-10-2025 12:10:13: 	[0mPOST /client/api/v1/auth/register [31m500[0m 59.663 ms - 86[0m

error: Jun-10-2025 12:10:21: 	Error - register Service User validation failed: password: Password is required
error: Jun-10-2025 12:10:21: 	ValidationError: password: Password is required
info: Jun-10-2025 12:10:21: 	[0mPOST /client/api/v1/auth/register [31m500[0m 11.774 ms - 86[0m

error: Jun-10-2025 12:10:39: 	Error - register Service User validation failed: password: Password is required
error: Jun-10-2025 12:10:39: 	ValidationError: password: Password is required
info: Jun-10-2025 12:10:39: 	[0mPOST /client/api/v1/auth/register [31m500[0m 12.056 ms - 86[0m

info: Jun-10-2025 12:11:27: 	Server started at 9889 ✅
info: Jun-10-2025 12:11:27: 	Connection Succeed 🙌
info: Jun-10-2025 12:11:37: 	Server started at 9889 ✅
info: Jun-10-2025 12:11:37: 	Connection Succeed 🙌
info: Jun-10-2025 12:11:53: 	Server started at 9889 ✅
info: Jun-10-2025 12:11:53: 	Connection Succeed 🙌
error: Jun-10-2025 12:11:55: 	Error - register Service User validation failed: password: Password is required
error: Jun-10-2025 12:11:55: 	ValidationError: password: Password is required
info: Jun-10-2025 12:11:55: 	[0mPOST /client/api/v1/auth/register [31m500[0m 47.994 ms - 86[0m

info: Jun-10-2025 12:12:35: 	Server started at 9889 ✅
info: Jun-10-2025 12:12:35: 	Connection Succeed 🙌
error: Jun-10-2025 12:12:35: 	Error - register Service User validation failed: password: Password is required
error: Jun-10-2025 12:12:35: 	ValidationError: password: Password is required
info: Jun-10-2025 12:12:36: 	[0mPOST /client/api/v1/auth/register [31m500[0m 466.680 ms - 86[0m

info: Jun-10-2025 12:12:48: 	Server started at 9889 ✅
info: Jun-10-2025 12:12:48: 	Connection Succeed 🙌
info: Jun-10-2025 12:12:54: 	Server started at 9889 ✅
info: Jun-10-2025 12:12:54: 	Connection Succeed 🙌
info: Jun-10-2025 12:13:00: 	Server started at 9889 ✅
info: Jun-10-2025 12:13:00: 	Connection Succeed 🙌
info: Jun-10-2025 12:13:04: 	[0mPOST /client/api/v1/auth/register [32m200[0m 209.205 ms - 414[0m

info: Jun-10-2025 12:13:30: 	[0mPOST /client/api/v1/auth/register [33m422[0m 12.163 ms - 55[0m

info: Jun-10-2025 12:14:10: 	[0mPOST /client/api/v1/auth/register [33m422[0m 7.314 ms - 55[0m

info: Jun-10-2025 12:14:18: 	[0mPOST /client/api/v1/auth/login [32m200[0m 150.025 ms - 374[0m

info: Jun-10-2025 12:14:24: 	[0mPOST /client/api/v1/auth/login [33m422[0m 8.230 ms - 47[0m

info: Jun-10-2025 12:14:31: 	[0mPOST /client/api/v1/auth/login [33m422[0m 139.453 ms - 48[0m

info: Jun-10-2025 12:14:37: 	[0mPOST /client/api/v1/auth/login [32m200[0m 148.953 ms - 374[0m

info: Jun-10-2025 12:15:53: 	Server started at 9889 ✅
info: Jun-10-2025 12:15:53: 	Connection Succeed 🙌
info: Jun-10-2025 12:16:13: 	Server started at 9889 ✅
info: Jun-10-2025 12:16:13: 	Connection Succeed 🙌
info: Jun-10-2025 12:16:32: 	Server started at 9889 ✅
info: Jun-10-2025 12:16:32: 	Connection Succeed 🙌
info: Jun-10-2025 12:16:41: 	Server started at 9889 ✅
info: Jun-10-2025 12:16:41: 	Connection Succeed 🙌
info: Jun-10-2025 12:16:46: 	Server started at 9889 ✅
info: Jun-10-2025 12:16:46: 	Connection Succeed 🙌
info: Jun-10-2025 12:16:54: 	Server started at 9889 ✅
info: Jun-10-2025 12:16:54: 	Connection Succeed 🙌
info: Jun-10-2025 12:17:02: 	Server started at 9889 ✅
info: Jun-10-2025 12:17:02: 	Connection Succeed 🙌
info: Jun-10-2025 12:17:26: 	Server started at 9889 ✅
info: Jun-10-2025 12:17:26: 	Connection Succeed 🙌
info: Jun-10-2025 12:17:44: 	Server started at 9889 ✅
info: Jun-10-2025 12:17:44: 	Connection Succeed 🙌
info: Jun-10-2025 12:17:51: 	Server started at 9889 ✅
info: Jun-10-2025 12:17:51: 	Connection Succeed 🙌
info: Jun-10-2025 12:18:02: 	Server started at 9889 ✅
info: Jun-10-2025 12:18:02: 	Connection Succeed 🙌
info: Jun-10-2025 12:18:32: 	Server started at 9889 ✅
info: Jun-10-2025 12:18:32: 	Connection Succeed 🙌
info: Jun-10-2025 12:18:47: 	Server started at 9889 ✅
info: Jun-10-2025 12:18:47: 	Connection Succeed 🙌
info: Jun-10-2025 12:18:59: 	Server started at 9889 ✅
info: Jun-10-2025 12:18:59: 	Connection Succeed 🙌
info: Jun-10-2025 12:19:04: 	Server started at 9889 ✅
info: Jun-10-2025 12:19:04: 	Connection Succeed 🙌
info: Jun-10-2025 12:19:19: 	Server started at 9889 ✅
info: Jun-10-2025 12:19:19: 	Connection Succeed 🙌
info: Jun-10-2025 12:19:37: 	Server started at 9889 ✅
info: Jun-10-2025 12:19:37: 	Connection Succeed 🙌
info: Jun-10-2025 12:20:42: 	Server started at 9889 ✅
info: Jun-10-2025 12:20:42: 	Connection Succeed 🙌
info: Jun-10-2025 12:20:59: 	Server started at 9889 ✅
info: Jun-10-2025 12:20:59: 	Connection Succeed 🙌
info: Jun-10-2025 12:21:13: 	Server started at 9889 ✅
info: Jun-10-2025 12:21:14: 	Connection Succeed 🙌
info: Jun-10-2025 12:21:26: 	Server started at 9889 ✅
info: Jun-10-2025 12:21:27: 	Connection Succeed 🙌
info: Jun-10-2025 12:22:14: 	Server started at 9889 ✅
info: Jun-10-2025 12:22:14: 	Connection Succeed 🙌
info: Jun-10-2025 12:22:31: 	Server started at 9889 ✅
info: Jun-10-2025 12:22:31: 	Connection Succeed 🙌
info: Jun-10-2025 12:22:40: 	Server started at 9889 ✅
info: Jun-10-2025 12:22:40: 	Connection Succeed 🙌
info: Jun-10-2025 12:22:55: 	Server started at 9889 ✅
info: Jun-10-2025 12:22:55: 	Connection Succeed 🙌
info: Jun-10-2025 12:23:34: 	Server started at 9889 ✅
info: Jun-10-2025 12:23:34: 	Connection Succeed 🙌
info: Jun-10-2025 12:23:51: 	Server started at 9889 ✅
info: Jun-10-2025 12:23:52: 	Connection Succeed 🙌
info: Jun-10-2025 12:24:16: 	Server started at 9889 ✅
info: Jun-10-2025 12:24:16: 	Connection Succeed 🙌
info: Jun-10-2025 12:24:27: 	Server started at 9889 ✅
info: Jun-10-2025 12:24:27: 	Connection Succeed 🙌
info: Jun-10-2025 12:25:06: 	Server started at 9889 ✅
info: Jun-10-2025 12:25:06: 	Connection Succeed 🙌
info: Jun-10-2025 12:25:43: 	Server started at 9889 ✅
info: Jun-10-2025 12:25:44: 	Connection Succeed 🙌
info: Jun-10-2025 12:25:51: 	Server started at 9889 ✅
info: Jun-10-2025 12:25:51: 	Connection Succeed 🙌
info: Jun-10-2025 12:26:06: 	Server started at 9889 ✅
info: Jun-10-2025 12:26:06: 	Connection Succeed 🙌
info: Jun-10-2025 12:26:15: 	Server started at 9889 ✅
info: Jun-10-2025 12:26:15: 	Connection Succeed 🙌
info: Jun-10-2025 12:26:26: 	Server started at 9889 ✅
info: Jun-10-2025 12:26:26: 	Connection Succeed 🙌
info: Jun-10-2025 12:26:33: 	Server started at 9889 ✅
info: Jun-10-2025 12:26:33: 	Connection Succeed 🙌
info: Jun-10-2025 12:26:52: 	Server started at 9889 ✅
info: Jun-10-2025 12:26:52: 	Connection Succeed 🙌
info: Jun-10-2025 12:27:02: 	Server started at 9889 ✅
info: Jun-10-2025 12:27:02: 	Connection Succeed 🙌
info: Jun-10-2025 12:27:18: 	Server started at 9889 ✅
info: Jun-10-2025 12:27:18: 	Connection Succeed 🙌
info: Jun-10-2025 12:27:25: 	Server started at 9889 ✅
info: Jun-10-2025 12:27:25: 	Connection Succeed 🙌
info: Jun-10-2025 12:28:07: 	Server started at 9889 ✅
info: Jun-10-2025 12:28:07: 	Connection Succeed 🙌
info: Jun-10-2025 12:28:34: 	Server started at 9889 ✅
info: Jun-10-2025 12:28:34: 	Connection Succeed 🙌
info: Jun-10-2025 12:30:24: 	Server started at 9889 ✅
info: Jun-10-2025 12:30:24: 	Connection Succeed 🙌
info: Jun-10-2025 12:30:36: 	Server started at 9889 ✅
info: Jun-10-2025 12:30:36: 	Connection Succeed 🙌
info: Jun-10-2025 12:30:52: 	Server started at 9889 ✅
info: Jun-10-2025 12:30:52: 	Connection Succeed 🙌
info: Jun-10-2025 12:31:12: 	Server started at 9889 ✅
info: Jun-10-2025 12:31:12: 	Connection Succeed 🙌
error: Jun-10-2025 12:31:57: 	Error - ValidationError "name" is required
info: Jun-10-2025 12:31:57: 	[0mPOST /client/api/v1/task/create [33m422[0m 14.133 ms - 55[0m

info: Jun-10-2025 12:32:18: 	Server started at 9889 ✅
info: Jun-10-2025 12:32:22: 	Server started at 9889 ✅
info: Jun-10-2025 12:32:22: 	Connection Succeed 🙌
info: Jun-10-2025 12:32:23: 	[0mPOST /client/api/v1/task/create [33m401[0m 9.447 ms - 64[0m

error: Jun-10-2025 12:32:37: 	Error - ValidationError "name" is required
info: Jun-10-2025 12:32:37: 	[0mPOST /client/api/v1/task/create [33m422[0m 43.519 ms - 55[0m

error: Jun-10-2025 12:33:16: 	Error - ValidationError "createdBy" is not allowed
info: Jun-10-2025 12:33:16: 	[0mPOST /client/api/v1/task/create [33m422[0m 10.691 ms - 63[0m

info: Jun-10-2025 12:33:39: 	Server started at 9889 ✅
info: Jun-10-2025 12:33:39: 	Connection Succeed 🙌
info: Jun-10-2025 12:34:10: 	Server started at 9889 ✅
info: Jun-10-2025 12:34:10: 	Connection Succeed 🙌
error: Jun-10-2025 12:34:23: 	Error - ValidationError "createdBy" is not allowed
info: Jun-10-2025 12:34:23: 	[0mPOST /client/api/v1/task/create [33m422[0m 55.737 ms - 63[0m

info: Jun-10-2025 12:34:47: 	Server started at 9889 ✅
info: Jun-10-2025 12:34:47: 	Connection Succeed 🙌
error: Jun-10-2025 12:34:53: 	Error - createTask Service Task validation failed: title: Title is required
error: Jun-10-2025 12:34:53: 	ValidationError: title: Title is required
info: Jun-10-2025 12:34:53: 	[0mPOST /client/api/v1/task/create [31m500[0m 80.667 ms - 80[0m

info: Jun-10-2025 12:35:13: 	Server started at 9889 ✅
info: Jun-10-2025 12:35:13: 	Connection Succeed 🙌
info: Jun-10-2025 12:35:18: 	[0mPOST /client/api/v1/task/create [32m200[0m 69.988 ms - 263[0m

info: Jun-10-2025 12:35:36: 	Server started at 9889 ✅
info: Jun-10-2025 12:35:36: 	Connection Succeed 🙌
info: Jun-10-2025 12:36:05: 	[0mPOST /client/api/v1/task/create [32m200[0m 66.921 ms - 263[0m

info: Jun-10-2025 12:36:20: 	[0mPOST /client/api/v1/task/create [32m200[0m 16.353 ms - 267[0m

info: Jun-10-2025 12:36:27: 	[0mPOST /client/api/v1/task/create [32m200[0m 15.033 ms - 265[0m

info: Jun-10-2025 12:36:34: 	[0mPOST /client/api/v1/task/create [32m200[0m 11.691 ms - 257[0m

info: Jun-10-2025 12:36:43: 	[0mPOST /client/api/v1/task/create [32m200[0m 11.685 ms - 271[0m

info: Jun-10-2025 12:37:37: 	Server started at 9889 ✅
info: Jun-10-2025 12:37:37: 	Connection Succeed 🙌
info: Jun-10-2025 12:37:53: 	Server started at 9889 ✅
info: Jun-10-2025 12:37:53: 	Connection Succeed 🙌
info: Jun-10-2025 12:38:01: 	Server started at 9889 ✅
info: Jun-10-2025 12:38:01: 	Connection Succeed 🙌
info: Jun-10-2025 12:38:19: 	Server started at 9889 ✅
info: Jun-10-2025 12:38:19: 	Connection Succeed 🙌
info: Jun-10-2025 12:38:36: 	Server started at 9889 ✅
info: Jun-10-2025 12:38:36: 	Connection Succeed 🙌
info: Jun-10-2025 12:38:49: 	Server started at 9889 ✅
info: Jun-10-2025 12:38:49: 	Connection Succeed 🙌
info: Jun-10-2025 12:39:20: 	Server started at 9889 ✅
info: Jun-10-2025 12:39:20: 	Connection Succeed 🙌
info: Jun-10-2025 12:39:36: 	Server started at 9889 ✅
info: Jun-10-2025 12:39:36: 	Connection Succeed 🙌
info: Jun-10-2025 12:39:46: 	Server started at 9889 ✅
info: Jun-10-2025 12:39:46: 	Connection Succeed 🙌
info: Jun-10-2025 12:39:54: 	Server started at 9889 ✅
info: Jun-10-2025 12:39:54: 	Connection Succeed 🙌
info: Jun-10-2025 12:40:12: 	Server started at 9889 ✅
info: Jun-10-2025 12:40:12: 	Connection Succeed 🙌
info: Jun-10-2025 12:40:18: 	Server started at 9889 ✅
info: Jun-10-2025 12:40:19: 	Connection Succeed 🙌
info: Jun-10-2025 12:40:50: 	Server started at 9889 ✅
info: Jun-10-2025 12:40:50: 	Connection Succeed 🙌
info: Jun-10-2025 12:40:57: 	Server started at 9889 ✅
info: Jun-10-2025 12:40:57: 	Connection Succeed 🙌
info: Jun-10-2025 12:41:08: 	Server started at 9889 ✅
info: Jun-10-2025 12:41:08: 	Connection Succeed 🙌
info: Jun-10-2025 12:41:24: 	[0mGET /client/api/v1/task/6847d98361431ddc4832c653 [33m401[0m 11.603 ms - 64[0m

error: Jun-10-2025 12:41:38: 	Error - createTask Service Task validation failed: title: Title is required
error: Jun-10-2025 12:41:38: 	ValidationError: title: Title is required
info: Jun-10-2025 12:41:38: 	[0mGET /client/api/v1/task/6847d98361431ddc4832c653 [31m500[0m 52.877 ms - 80[0m

info: Jun-10-2025 12:41:54: 	Server started at 9889 ✅
info: Jun-10-2025 12:41:54: 	Connection Succeed 🙌
info: Jun-10-2025 12:42:41: 	[0mGET /client/api/v1/task/6847d98361431ddc4832c653 [32m200[0m 81.463 ms - 246[0m

info: Jun-10-2025 12:42:47: 	[0mGET /client/api/v1/task/6847d98361431ddc4832c654 [32m200[0m 12.028 ms - 246[0m

info: Jun-10-2025 12:42:53: 	[0mGET /client/api/v1/task/6847d98361431ddc4832c6542 [32m200[0m 13.313 ms - 247[0m

info: Jun-10-2025 12:43:13: 	Server started at 9889 ✅
info: Jun-10-2025 12:43:13: 	Connection Succeed 🙌
error: Jun-10-2025 12:43:48: 	Error - getTaskById Service Tasks.finById is not a function
error: Jun-10-2025 12:43:48: 	TypeError: Tasks.finById is not a function
info: Jun-10-2025 12:43:48: 	[0mGET /client/api/v1/task/6847d98361431ddc4832c6542 [31m500[0m 48.212 ms - 81[0m

info: Jun-10-2025 12:44:04: 	Server started at 9889 ✅
info: Jun-10-2025 12:44:04: 	Connection Succeed 🙌
error: Jun-10-2025 12:44:05: 	Error - getTaskById Service Cast to ObjectId failed for value "6847d98361431ddc4832c6542" (type string) at path "_id" for model "Task"
error: Jun-10-2025 12:44:05: 	CastError: Cast to ObjectId failed for value "6847d98361431ddc4832c6542" (type string) at path "_id" for model "Task"
info: Jun-10-2025 12:44:05: 	[0mGET /client/api/v1/task/6847d98361431ddc4832c6542 [31m500[0m 45.415 ms - 162[0m

info: Jun-10-2025 12:44:12: 	[0mGET /client/api/v1/task/6847d98361431ddc4832c653 [32m200[0m 19.988 ms - 271[0m

info: Jun-10-2025 12:44:17: 	[0mGET /client/api/v1/task/6847d98361431ddc4842c653 [33m422[0m 11.814 ms - 44[0m

info: Jun-10-2025 12:44:23: 	[0mGET /client/api/v1/task/6847d98361431ddc4832c653 [32m200[0m 11.149 ms - 271[0m

info: Jun-10-2025 12:46:58: 	Server started at 9889 ✅
info: Jun-10-2025 12:46:58: 	Connection Succeed 🙌
info: Jun-10-2025 12:47:17: 	Server started at 9889 ✅
info: Jun-10-2025 12:47:17: 	Connection Succeed 🙌
info: Jun-10-2025 12:47:24: 	Server started at 9889 ✅
info: Jun-10-2025 12:47:24: 	Connection Succeed 🙌
info: Jun-10-2025 12:47:40: 	Server started at 9889 ✅
info: Jun-10-2025 12:47:40: 	Connection Succeed 🙌
info: Jun-10-2025 12:47:49: 	Server started at 9889 ✅
info: Jun-10-2025 12:47:49: 	Connection Succeed 🙌
info: Jun-10-2025 12:48:15: 	Server started at 9889 ✅
info: Jun-10-2025 12:48:15: 	Connection Succeed 🙌
info: Jun-10-2025 12:48:34: 	Server started at 9889 ✅
info: Jun-10-2025 12:48:34: 	Connection Succeed 🙌
info: Jun-10-2025 12:48:46: 	Server started at 9889 ✅
info: Jun-10-2025 12:48:46: 	Connection Succeed 🙌
info: Jun-10-2025 12:48:56: 	Server started at 9889 ✅
info: Jun-10-2025 12:48:56: 	Connection Succeed 🙌
info: Jun-10-2025 12:49:17: 	Server started at 9889 ✅
info: Jun-10-2025 12:49:17: 	Connection Succeed 🙌
info: Jun-10-2025 12:51:24: 	Server started at 9889 ✅
info: Jun-10-2025 12:51:24: 	Connection Succeed 🙌
info: Jun-10-2025 12:51:30: 	Server started at 9889 ✅
info: Jun-10-2025 12:51:30: 	Connection Succeed 🙌
info: Jun-10-2025 12:51:48: 	Server started at 9889 ✅
info: Jun-10-2025 12:51:48: 	Connection Succeed 🙌
info: Jun-10-2025 12:52:00: 	Server started at 9889 ✅
info: Jun-10-2025 12:52:00: 	Connection Succeed 🙌
info: Jun-10-2025 12:52:09: 	Server started at 9889 ✅
info: Jun-10-2025 12:52:09: 	Connection Succeed 🙌
info: Jun-10-2025 12:52:22: 	Server started at 9889 ✅
info: Jun-10-2025 12:52:22: 	Connection Succeed 🙌
info: Jun-10-2025 12:52:36: 	Server started at 9889 ✅
info: Jun-10-2025 12:52:36: 	Connection Succeed 🙌
info: Jun-10-2025 12:52:45: 	Server started at 9889 ✅
info: Jun-10-2025 12:52:46: 	Connection Succeed 🙌
info: Jun-10-2025 12:53:33: 	Server started at 9889 ✅
info: Jun-10-2025 12:53:34: 	Connection Succeed 🙌
info: Jun-10-2025 12:57:03: 	Server started at 9889 ✅
info: Jun-10-2025 12:57:03: 	Connection Succeed 🙌
info: Jun-10-2025 12:57:52: 	Server started at 9889 ✅
info: Jun-10-2025 12:57:52: 	Connection Succeed 🙌
info: Jun-10-2025 12:58:08: 	Server started at 9889 ✅
info: Jun-10-2025 12:58:08: 	Connection Succeed 🙌
info: Jun-10-2025 12:58:29: 	Server started at 9889 ✅
info: Jun-10-2025 12:58:29: 	Connection Succeed 🙌
info: Jun-10-2025 12:58:38: 	Server started at 9889 ✅
info: Jun-10-2025 12:58:38: 	Connection Succeed 🙌
info: Jun-10-2025 12:58:54: 	Server started at 9889 ✅
info: Jun-10-2025 12:58:55: 	Connection Succeed 🙌
info: Jun-10-2025 12:59:08: 	Server started at 9889 ✅
info: Jun-10-2025 12:59:08: 	Connection Succeed 🙌
info: Jun-10-2025 12:59:52: 	Server started at 9889 ✅
info: Jun-10-2025 12:59:52: 	Connection Succeed 🙌
info: Jun-10-2025 12:59:58: 	Server started at 9889 ✅
info: Jun-10-2025 12:59:58: 	Connection Succeed 🙌
info: Jun-10-2025 13:00:08: 	Server started at 9889 ✅
info: Jun-10-2025 13:00:08: 	Connection Succeed 🙌
info: Jun-10-2025 13:00:28: 	[0mPOST /client/api/v1/task/all [33m401[0m 9.463 ms - 64[0m

info: Jun-10-2025 13:00:39: 	[0mPOST /client/api/v1/task/all [32m200[0m 54.201 ms - 1319[0m

info: Jun-10-2025 13:01:55: 	Server started at 9889 ✅
info: Jun-10-2025 13:01:55: 	Connection Succeed 🙌
info: Jun-10-2025 13:02:01: 	[0mPOST /client/api/v1/task/all [32m200[0m 54.490 ms - 1355[0m

info: Jun-10-2025 13:03:13: 	[0mPOST /client/api/v1/task/all [32m200[0m 22.015 ms - 1148[0m

info: Jun-10-2025 13:03:21: 	[0mPOST /client/api/v1/task/all [32m200[0m 20.223 ms - 1355[0m

error: Jun-10-2025 13:03:27: 	Error - getTaskById Service title is not defined
error: Jun-10-2025 13:03:27: 	ReferenceError: title is not defined
info: Jun-10-2025 13:03:27: 	[0mPOST /client/api/v1/task/all [31m500[0m 11.653 ms - 75[0m

info: Jun-10-2025 13:03:49: 	Server started at 9889 ✅
info: Jun-10-2025 13:03:49: 	Connection Succeed 🙌
info: Jun-10-2025 13:03:50: 	[0mPOST /client/api/v1/task/all [32m200[0m 67.574 ms - 367[0m

info: Jun-10-2025 13:04:50: 	Server started at 9889 ✅
info: Jun-10-2025 13:04:50: 	Connection Succeed 🙌
info: Jun-10-2025 13:05:01: 	Server started at 9889 ✅
info: Jun-10-2025 13:05:01: 	Connection Succeed 🙌
info: Jun-10-2025 13:05:07: 	Server started at 9889 ✅
info: Jun-10-2025 13:05:07: 	Connection Succeed 🙌
info: Jun-10-2025 13:05:31: 	Server started at 9889 ✅
info: Jun-10-2025 13:05:31: 	Connection Succeed 🙌
info: Jun-10-2025 13:05:36: 	Server started at 9889 ✅
info: Jun-10-2025 13:05:37: 	Connection Succeed 🙌
info: Jun-10-2025 13:05:42: 	Server started at 9889 ✅
info: Jun-10-2025 13:05:42: 	Connection Succeed 🙌
info: Jun-10-2025 13:06:27: 	Server started at 9889 ✅
info: Jun-10-2025 13:06:27: 	Connection Succeed 🙌
info: Jun-10-2025 13:07:00: 	Server started at 9889 ✅
info: Jun-10-2025 13:07:00: 	Connection Succeed 🙌
info: Jun-10-2025 13:07:05: 	Server started at 9889 ✅
info: Jun-10-2025 13:07:05: 	Connection Succeed 🙌
info: Jun-10-2025 13:07:27: 	Server started at 9889 ✅
info: Jun-10-2025 13:07:27: 	Connection Succeed 🙌
info: Jun-10-2025 13:07:36: 	Server started at 9889 ✅
info: Jun-10-2025 13:07:36: 	Connection Succeed 🙌
info: Jun-10-2025 13:08:01: 	Server started at 9889 ✅
info: Jun-10-2025 13:08:01: 	Connection Succeed 🙌
info: Jun-10-2025 13:08:16: 	Server started at 9889 ✅
info: Jun-10-2025 13:08:16: 	Connection Succeed 🙌
info: Jun-10-2025 13:08:24: 	Server started at 9889 ✅
info: Jun-10-2025 13:08:24: 	Connection Succeed 🙌
info: Jun-10-2025 13:09:10: 	Server started at 9889 ✅
info: Jun-10-2025 13:09:11: 	Connection Succeed 🙌
info: Jun-10-2025 13:09:18: 	Server started at 9889 ✅
info: Jun-10-2025 13:09:18: 	Connection Succeed 🙌
info: Jun-10-2025 13:09:22: 	Server started at 9889 ✅
info: Jun-10-2025 13:09:22: 	Connection Succeed 🙌
info: Jun-10-2025 13:09:31: 	[0mPOST /client/api/v1/task/create [32m200[0m 74.015 ms - 267[0m

info: Jun-10-2025 13:10:08: 	[0mDELETE /client/api/v1/task/delete/6847e133ed427d798de075c4 [33m401[0m 1.681 ms - 64[0m

info: Jun-10-2025 13:10:17: 	[0mDELETE /client/api/v1/task/delete/6847e133ed427d798de075c4 [33m422[0m 19.194 ms - 44[0m

info: Jun-10-2025 13:10:25: 	[0mDELETE /client/api/v1/task/delete/6847e133ed427d798de075c5 [32m200[0m 12.872 ms - 267[0m

info: Jun-10-2025 13:11:34: 	Server started at 9889 ✅
info: Jun-10-2025 13:11:35: 	Connection Succeed 🙌
info: Jun-10-2025 13:12:53: 	[0mPUT /client/api/v1/task/update/6847d96c61431ddc4832c64a [33m401[0m 10.902 ms - 64[0m

info: Jun-10-2025 13:13:02: 	[0mPUT /client/api/v1/task/update/6847d96c61431ddc4832c64a [32m200[0m 53.524 ms - 281[0m

info: Jun-10-2025 13:13:25: 	[0mPUT /client/api/v1/task/update/6847d96c61431ddc4832c64a [32m200[0m 12.962 ms - 280[0m

info: Jun-10-2025 13:14:11: 	[0mPOST /client/api/v1/auth/register [32m200[0m 170.604 ms - 418[0m

info: Jun-10-2025 13:14:20: 	[0mPUT /client/api/v1/task/update/6847d96c61431ddc4832c64a [32m200[0m 14.906 ms - 322[0m

info: Jun-10-2025 13:14:41: 	[0mPOST /client/api/v1/task/all [32m200[0m 22.776 ms - 367[0m

info: Jun-10-2025 13:14:50: 	[0mPOST /client/api/v1/task/all [33m422[0m 15.909 ms - 44[0m

info: Jun-10-2025 13:14:55: 	[0mPOST /client/api/v1/task/all [32m200[0m 14.327 ms - 419[0m

info: Jun-10-2025 13:15:11: 	Server started at 9889 ✅
info: Jun-10-2025 13:15:11: 	Connection Succeed 🙌
info: Jun-10-2025 13:15:18: 	Server started at 9889 ✅
info: Jun-10-2025 13:15:18: 	Connection Succeed 🙌
info: Jun-10-2025 13:16:18: 	Server started at 9889 ✅
info: Jun-10-2025 13:16:18: 	Connection Succeed 🙌
info: Jun-10-2025 13:17:41: 	Server started at 9889 ✅
info: Jun-10-2025 13:17:41: 	Connection Succeed 🙌
info: Jun-10-2025 14:09:21: 	[0mPOST /client/api/v1/auth/register [33m422[0m 196.343 ms - 55[0m

error: Jun-10-2025 14:09:35: 	Error - ValidationError "email" is required
info: Jun-10-2025 14:09:35: 	[0mPOST /client/api/v1/auth/register [33m422[0m 11.715 ms - 56[0m

error: Jun-10-2025 14:09:44: 	Error - ValidationError "password" is required
info: Jun-10-2025 14:09:44: 	[0mPOST /client/api/v1/auth/register [33m422[0m 4.906 ms - 59[0m

info: Jun-10-2025 14:09:49: 	[0mPOST /client/api/v1/auth/register [32m200[0m 216.212 ms - 419[0m

info: Jun-10-2025 14:10:07: 	[0mPOST /client/api/v1/auth/login [33m422[0m 6.766 ms - 47[0m

info: Jun-10-2025 14:10:15: 	[0mPOST /client/api/v1/auth/login [33m422[0m 150.363 ms - 48[0m

info: Jun-10-2025 14:10:21: 	[0mPOST /client/api/v1/auth/login [32m200[0m 253.023 ms - 379[0m

info: Jun-10-2025 14:11:04: 	[0mPOST /client/api/v1/task/create [33m401[0m 5.671 ms - 64[0m

info: Jun-10-2025 14:11:08: 	[0mPOST /client/api/v1/task/create [32m200[0m 20.316 ms - 268[0m

info: Jun-10-2025 14:11:31: 	[0mGET /client/api/v1/task/6847efa42fb185b6b00ef529 [32m200[0m 16.073 ms - 269[0m

info: Jun-10-2025 14:11:35: 	[0mGET /client/api/v1/task/6847efa42fb185b6b00ef524 [33m422[0m 15.709 ms - 44[0m

info: Jun-10-2025 14:11:40: 	[0mGET /client/api/v1/task/6847efa42fb185b6b00ef529 [32m200[0m 9.151 ms - 269[0m

info: Jun-10-2025 14:11:54: 	[0mPOST /client/api/v1/task/all [32m200[0m 26.289 ms - 1605[0m

info: Jun-10-2025 14:12:11: 	[0mPOST /client/api/v1/task/all [32m200[0m 17.783 ms - 419[0m

info: Jun-10-2025 14:12:31: 	[0mPOST /client/api/v1/task/all [32m200[0m 14.474 ms - 1212[0m

info: Jun-10-2025 14:13:16: 	[0mPUT /client/api/v1/task/update/6847efa42fb185b6b00ef529 [32m200[0m 30.459 ms - 309[0m

info: Jun-10-2025 14:13:41: 	[0mDELETE /client/api/v1/task/delete/6847efa42fb185b6b00ef529 [32m200[0m 14.737 ms - 309[0m

info: Jun-10-2025 14:13:48: 	[0mDELETE /client/api/v1/task/delete/6847efa42fb185b6b00ef524 [33m422[0m 8.338 ms - 44[0m

info: Jun-10-2025 14:17:19: 	[0mPOST /client/api/v1/auth/login [33m422[0m 155.187 ms - 48[0m

info: Jun-10-2025 14:17:22: 	[0mPOST /client/api/v1/auth/login [33m422[0m 149.098 ms - 48[0m

info: Jun-10-2025 14:17:27: 	[0mPOST /client/api/v1/auth/login [33m422[0m 141.410 ms - 48[0m

info: Jun-10-2025 14:17:31: 	[0mPOST /client/api/v1/auth/login [33m422[0m 145.158 ms - 48[0m

info: Jun-10-2025 14:17:40: 	[0mPOST /client/api/v1/auth/login [32m200[0m 147.315 ms - 374[0m

info: Jun-10-2025 14:20:16: 	[0mPOST /client/api/v1/auth/login [32m200[0m 144.510 ms - 374[0m

